<?xml version="1.0" encoding="UTF-8"?>
<!-- Generated by org.testng.reporters.JUnitReportReporter -->
<testsuite skipped="0" hostname="HOME" name="com.Get.GetData" tests="2" failures="0" timestamp="09 Jul 2019 19:07:45 GMT" time="7.469" errors="0">
  <testcase name="testResponscode" time="6.259" classname="com.Get.GetData"/>
  <testcase name="testdata" time="1.210" classname="com.Get.GetData"/>
</testsuite> <!-- com.Get.GetData -->
