<?xml version="1.0" encoding="UTF-8"?>
<!-- Generated by org.testng.reporters.JUnitReportReporter -->
<testsuite skipped="0" hostname="HOME" name="com.Get.RestAssuredDemo" tests="1" failures="0" timestamp="09 Jul 2019 19:47:43 GMT" time="5.532" errors="0">
  <testcase name="test" time="5.532" classname="com.Get.RestAssuredDemo"/>
</testsuite> <!-- com.Get.RestAssuredDemo -->
